Using pre-set license
Built from '2020.3/staging' branch; Version is '2020.3.17f1 (a4537701e4ab) revision 10769271'; Using compiler version '192528614'; Build Type 'Release'
OS: 'Windows 10 Enterprise; OS build 19042.685; Version 2009; 64bit' Language: 'ru' Physical Memory: 16061 MB
BatchMode: 1, IsHumanControllingUs: 0, StartBugReporterOnCrash: 0, Is64bit: 1, IsPro: 0

COMMAND LINE ARGUMENTS:
C:\Program Files\Unity\Hub\Editor\2020.3.17f1\Editor\Unity.exe
-adb2
-batchMode
-noUpm
-name
AssetImportWorker0
-projectPath
C:/Users/ellps/TDS
-logFile
Logs/AssetImportWorker0.log
-srvPort
62082
Successfully changed project path to: C:/Users/ellps/TDS
C:/Users/ellps/TDS
Using Asset Import Pipeline V2.
Refreshing native plugins compatible for Editor in 40.39 ms, found 3 plugins.
Preloading 0 native plugins for Editor in 0.00 ms.
Initialize engine version: 2020.3.17f1 (a4537701e4ab)
[Subsystems] Discovering subsystems at path C:/Program Files/Unity/Hub/Editor/2020.3.17f1/Editor/Data/Resources/UnitySubsystems
[Subsystems] Discovering subsystems at path C:/Users/ellps/TDS/Assets
GfxDevice: creating device client; threaded=0
Direct3D:
    Version:  Direct3D 11.0 [level 11.1]
    Renderer: NVIDIA GeForce RTX 3050 Laptop GPU (ID=0x25a5)
    Vendor:   
    VRAM:     3991 MB
    Driver:   27.21.14.6235
Initialize mono
Mono path[0] = 'C:/Program Files/Unity/Hub/Editor/2020.3.17f1/Editor/Data/Managed'
Mono path[1] = 'C:/Program Files/Unity/Hub/Editor/2020.3.17f1/Editor/Data/MonoBleedingEdge/lib/mono/unityjit'
Mono config path = 'C:/Program Files/Unity/Hub/Editor/2020.3.17f1/Editor/Data/MonoBleedingEdge/etc'
Using monoOptions --debugger-agent=transport=dt_socket,embedding=1,server=y,suspend=n,address=127.0.0.1:56852
Begin MonoManager ReloadAssembly
Registering precompiled unity dll's ...
Register platform support module: C:/Program Files/Unity/Hub/Editor/2020.3.17f1/Editor/Data/PlaybackEngines/WindowsStandaloneSupport/UnityEditor.WindowsStandalone.Extensions.dll
Registered in 0.001616 seconds.
Native extension for WindowsStandalone target not found
Refreshing native plugins compatible for Editor in 53.91 ms, found 3 plugins.
Preloading 0 native plugins for Editor in 0.00 ms.
Mono: successfully reloaded assembly
- Completed reload, in  1.876 seconds
Domain Reload Profiling:
	ReloadAssembly (1877ms)
		BeginReloadAssembly (50ms)
			ExecutionOrderSort (0ms)
			DisableScriptedObjects (0ms)
			BackupInstance (0ms)
			ReleaseScriptingObjects (0ms)
			CreateAndSetChildDomain (1ms)
		EndReloadAssembly (504ms)
			LoadAssemblies (46ms)
			RebuildTransferFunctionScriptingTraits (0ms)
			SetupTypeCache (182ms)
			ReleaseScriptCaches (0ms)
			RebuildScriptCaches (39ms)
			SetupLoadedEditorAssemblies (194ms)
				LogAssemblyErrors (0ms)
				InitializePlatformSupportModulesInManaged (4ms)
				SetLoadedEditorAssemblies (0ms)
				RefreshPlugins (54ms)
				BeforeProcessingInitializeOnLoad (12ms)
				ProcessInitializeOnLoadAttributes (91ms)
				ProcessInitializeOnLoadMethodAttributes (32ms)
				AfterProcessingInitializeOnLoad (0ms)
				EditorAssembliesLoaded (0ms)
			ExecutionOrderSort2 (0ms)
			AwakeInstancesAfterBackupRestoration (0ms)
Platform modules already initialized, skipping
Registering precompiled user dll's ...
Registered in 0.003254 seconds.
Begin MonoManager ReloadAssembly
Native extension for WindowsStandalone target not found
Refreshing native plugins compatible for Editor in 58.69 ms, found 3 plugins.
Preloading 0 native plugins for Editor in 0.00 ms.
Mono: successfully reloaded assembly
- Completed reload, in  1.419 seconds
Domain Reload Profiling:
	ReloadAssembly (1420ms)
		BeginReloadAssembly (157ms)
			ExecutionOrderSort (0ms)
			DisableScriptedObjects (6ms)
			BackupInstance (0ms)
			ReleaseScriptingObjects (0ms)
			CreateAndSetChildDomain (21ms)
		EndReloadAssembly (1190ms)
			LoadAssemblies (103ms)
			RebuildTransferFunctionScriptingTraits (0ms)
			SetupTypeCache (357ms)
			ReleaseScriptCaches (1ms)
			RebuildScriptCaches (63ms)
			SetupLoadedEditorAssemblies (512ms)
				LogAssemblyErrors (0ms)
				InitializePlatformSupportModulesInManaged (5ms)
				SetLoadedEditorAssemblies (0ms)
				RefreshPlugins (59ms)
				BeforeProcessingInitializeOnLoad (82ms)
				ProcessInitializeOnLoadAttributes (345ms)
				ProcessInitializeOnLoadMethodAttributes (14ms)
				AfterProcessingInitializeOnLoad (7ms)
				EditorAssembliesLoaded (0ms)
			ExecutionOrderSort2 (0ms)
			AwakeInstancesAfterBackupRestoration (6ms)
Platform modules already initialized, skipping
========================================================================
Worker process is ready to serve import requests
Launched and connected shader compiler UnityShaderCompiler.exe after 0.07 seconds
Refreshing native plugins compatible for Editor in 0.51 ms, found 3 plugins.
Preloading 0 native plugins for Editor in 0.00 ms.
Unloading 2351 Unused Serialized files (Serialized files now loaded: 0)
System memory in use before: 100.2 MB.
System memory in use after: 100.4 MB.

Unloading 28 unused Assets to reduce memory usage. Loaded Objects now: 2791.
Total: 4.079100 ms (FindLiveObjects: 0.181100 ms CreateObjectMapping: 0.096900 ms MarkObjects: 3.544000 ms  DeleteObjects: 0.219400 ms)

AssetImportParameters requested are different than current active one (requested -> active):
  custom:framework-win-MediaFoundation: 216162199b28c13a410421893ffa2e32 -> 
  custom:video-decoder-ogg-theora: a1e56fd34408186e4bbccfd4996cb3dc -> 
  custom:container-muxer-webm: aa71ff27fc2769a1b78a27578f13a17b -> 
  custom:container-demuxer-webm: 4f35f7cbe854078d1ac9338744f61a02 -> 
  custom:container-demuxer-ogg: 62fdf1f143b41e24485cea50d1cbac27 -> 
  custom:video-encoder-webm-vp8: eb34c28f22e8b96e1ab97ce403110664 -> 
  custom:video-decoder-webm-vp8: 9c59270c3fd7afecdb556c50c9e8de78 -> 
  custom:audio-decoder-ogg-vorbis: bf7c407c2cedff20999df2af8eb42d56 -> 
  custom:audio-encoder-webm-vorbis: bf7c407c2cedff20999df2af8eb42d56 -> 
========================================================================
Received Import Request.
  path: Assets/Prefabs/Hero.prefab
  artifactKey: Guid(4f9a3cc85421f334aa5c5d358d4fed94) Importer(815301076,1909f56bfc062723c751e8b465ee728b)
Start importing Assets/Prefabs/Hero.prefab using Guid(4f9a3cc85421f334aa5c5d358d4fed94) Importer(815301076,1909f56bfc062723c751e8b465ee728b)  -> (artifact id: 'c13e716de0deab8cb4398f26345f3fd2') in 0.112135 seconds 
  Import took 0.117574 seconds .

========================================================================
Received Import Request.
  Time since last request: 3.869789 seconds.
  path: Assets/Prefabs/Hero.prefab
  artifactKey: Guid(4f9a3cc85421f334aa5c5d358d4fed94) Importer(815301076,1909f56bfc062723c751e8b465ee728b)
Start importing Assets/Prefabs/Hero.prefab using Guid(4f9a3cc85421f334aa5c5d358d4fed94) Importer(815301076,1909f56bfc062723c751e8b465ee728b)  -> (artifact id: '6ffe973d9e74b2389b06575beb9fba4c') in 0.026769 seconds 
  Import took 0.032722 seconds .

========================================================================
Received Import Request.
  Time since last request: 14.125156 seconds.
  path: Assets/Prefabs/Hero.prefab
  artifactKey: Guid(4f9a3cc85421f334aa5c5d358d4fed94) Importer(815301076,1909f56bfc062723c751e8b465ee728b)
Start importing Assets/Prefabs/Hero.prefab using Guid(4f9a3cc85421f334aa5c5d358d4fed94) Importer(815301076,1909f56bfc062723c751e8b465ee728b)  -> (artifact id: 'abb953dfe439a4cd0c8622640e8176c1') in 0.020908 seconds 
  Import took 0.027729 seconds .

========================================================================
Received Import Request.
  Time since last request: 3.401660 seconds.
  path: Assets/Prefabs/Hero.prefab
  artifactKey: Guid(4f9a3cc85421f334aa5c5d358d4fed94) Importer(815301076,1909f56bfc062723c751e8b465ee728b)
Start importing Assets/Prefabs/Hero.prefab using Guid(4f9a3cc85421f334aa5c5d358d4fed94) Importer(815301076,1909f56bfc062723c751e8b465ee728b)  -> (artifact id: '4db6eb15db8c6cfe669c3da6c8ca61f7') in 0.019293 seconds 
  Import took 0.024755 seconds .

========================================================================
Received Import Request.
  Time since last request: 2.794914 seconds.
  path: Assets/Prefabs/Hero.prefab
  artifactKey: Guid(4f9a3cc85421f334aa5c5d358d4fed94) Importer(815301076,1909f56bfc062723c751e8b465ee728b)
Start importing Assets/Prefabs/Hero.prefab using Guid(4f9a3cc85421f334aa5c5d358d4fed94) Importer(815301076,1909f56bfc062723c751e8b465ee728b)  -> (artifact id: '0442954e126f2a3c4cf6e7d631865641') in 0.021995 seconds 
  Import took 0.026521 seconds .

========================================================================
Received Import Request.
  Time since last request: 3.612103 seconds.
  path: Assets/Prefabs/Hero.prefab
  artifactKey: Guid(4f9a3cc85421f334aa5c5d358d4fed94) Importer(815301076,1909f56bfc062723c751e8b465ee728b)
Start importing Assets/Prefabs/Hero.prefab using Guid(4f9a3cc85421f334aa5c5d358d4fed94) Importer(815301076,1909f56bfc062723c751e8b465ee728b)  -> (artifact id: '0ce2e4d4d21b302b03bac1b150ae1827') in 0.016669 seconds 
  Import took 0.022172 seconds .

========================================================================
Received Import Request.
  Time since last request: 1.981069 seconds.
  path: Assets/Prefabs/Hero.prefab
  artifactKey: Guid(4f9a3cc85421f334aa5c5d358d4fed94) Importer(815301076,1909f56bfc062723c751e8b465ee728b)
Start importing Assets/Prefabs/Hero.prefab using Guid(4f9a3cc85421f334aa5c5d358d4fed94) Importer(815301076,1909f56bfc062723c751e8b465ee728b)  -> (artifact id: '7200a581235509e913fe0514885bb509') in 0.014963 seconds 
  Import took 0.021766 seconds .

========================================================================
Received Import Request.
  Time since last request: 2.607856 seconds.
  path: Assets/Prefabs/Hero.prefab
  artifactKey: Guid(4f9a3cc85421f334aa5c5d358d4fed94) Importer(815301076,1909f56bfc062723c751e8b465ee728b)
Start importing Assets/Prefabs/Hero.prefab using Guid(4f9a3cc85421f334aa5c5d358d4fed94) Importer(815301076,1909f56bfc062723c751e8b465ee728b)  -> (artifact id: 'c7f5ac659d072875b3c17f104db5487d') in 0.015917 seconds 
  Import took 0.022283 seconds .

========================================================================
Received Import Request.
  Time since last request: 9.475800 seconds.
  path: Assets/Prefabs/Hero.prefab
  artifactKey: Guid(4f9a3cc85421f334aa5c5d358d4fed94) Importer(815301076,1909f56bfc062723c751e8b465ee728b)
Start importing Assets/Prefabs/Hero.prefab using Guid(4f9a3cc85421f334aa5c5d358d4fed94) Importer(815301076,1909f56bfc062723c751e8b465ee728b)  -> (artifact id: 'bb0240bda77cdf70a457c69e6787403f') in 0.020009 seconds 
  Import took 0.026093 seconds .

========================================================================
Received Import Request.
  Time since last request: 5.418979 seconds.
  path: Assets/Prefabs/Hero.prefab
  artifactKey: Guid(4f9a3cc85421f334aa5c5d358d4fed94) Importer(815301076,1909f56bfc062723c751e8b465ee728b)
Start importing Assets/Prefabs/Hero.prefab using Guid(4f9a3cc85421f334aa5c5d358d4fed94) Importer(815301076,1909f56bfc062723c751e8b465ee728b)  -> (artifact id: '8150c9565239688f99f72e887088c15f') in 0.018307 seconds 
  Import took 0.023753 seconds .

========================================================================
Received Import Request.
  Time since last request: 2.004906 seconds.
  path: Assets/Prefabs/Hero.prefab
  artifactKey: Guid(4f9a3cc85421f334aa5c5d358d4fed94) Importer(815301076,1909f56bfc062723c751e8b465ee728b)
Start importing Assets/Prefabs/Hero.prefab using Guid(4f9a3cc85421f334aa5c5d358d4fed94) Importer(815301076,1909f56bfc062723c751e8b465ee728b)  -> (artifact id: '7609e98ea41c0508ca104cf2d49f0414') in 0.022184 seconds 
  Import took 0.026844 seconds .

========================================================================
Received Import Request.
  Time since last request: 5.424875 seconds.
  path: Assets/Prefabs/Hero.prefab
  artifactKey: Guid(4f9a3cc85421f334aa5c5d358d4fed94) Importer(815301076,1909f56bfc062723c751e8b465ee728b)
Start importing Assets/Prefabs/Hero.prefab using Guid(4f9a3cc85421f334aa5c5d358d4fed94) Importer(815301076,1909f56bfc062723c751e8b465ee728b)  -> (artifact id: '3dc9eee216738dc03a140424352f9970') in 0.018519 seconds 
  Import took 0.022777 seconds .

========================================================================
Received Import Request.
  Time since last request: 4.637104 seconds.
  path: Assets/Prefabs/Hero.prefab
  artifactKey: Guid(4f9a3cc85421f334aa5c5d358d4fed94) Importer(815301076,1909f56bfc062723c751e8b465ee728b)
Start importing Assets/Prefabs/Hero.prefab using Guid(4f9a3cc85421f334aa5c5d358d4fed94) Importer(815301076,1909f56bfc062723c751e8b465ee728b)  -> (artifact id: '2ced4d21f6aa2fa1568fde0b205433f8') in 0.018161 seconds 
  Import took 0.023662 seconds .

========================================================================
Received Import Request.
  Time since last request: 5.622712 seconds.
  path: Assets/Prefabs/Hero.prefab
  artifactKey: Guid(4f9a3cc85421f334aa5c5d358d4fed94) Importer(815301076,1909f56bfc062723c751e8b465ee728b)
Start importing Assets/Prefabs/Hero.prefab using Guid(4f9a3cc85421f334aa5c5d358d4fed94) Importer(815301076,1909f56bfc062723c751e8b465ee728b)  -> (artifact id: '25827057b7eb2e63b265351075ca680a') in 0.014312 seconds 
  Import took 0.020952 seconds .

========================================================================
Received Import Request.
  Time since last request: 7.736275 seconds.
  path: Assets/Prefabs/Hero.prefab
  artifactKey: Guid(4f9a3cc85421f334aa5c5d358d4fed94) Importer(815301076,1909f56bfc062723c751e8b465ee728b)
Start importing Assets/Prefabs/Hero.prefab using Guid(4f9a3cc85421f334aa5c5d358d4fed94) Importer(815301076,1909f56bfc062723c751e8b465ee728b)  -> (artifact id: '14b74f305892afa3dc13d565759afc91') in 0.014630 seconds 
  Import took 0.019537 seconds .

========================================================================
Received Import Request.
  Time since last request: 9.151812 seconds.
  path: Assets/Prefabs/Hero.prefab
  artifactKey: Guid(4f9a3cc85421f334aa5c5d358d4fed94) Importer(815301076,1909f56bfc062723c751e8b465ee728b)
Start importing Assets/Prefabs/Hero.prefab using Guid(4f9a3cc85421f334aa5c5d358d4fed94) Importer(815301076,1909f56bfc062723c751e8b465ee728b)  -> (artifact id: '4ba1cc9f533ae92e367259f92eb8af75') in 0.017874 seconds 
  Import took 0.024845 seconds .

========================================================================
Received Prepare
Registering precompiled user dll's ...
Registered in 0.002668 seconds.
Begin MonoManager ReloadAssembly
Native extension for WindowsStandalone target not found
Refreshing native plugins compatible for Editor in 0.78 ms, found 3 plugins.
Preloading 0 native plugins for Editor in 0.00 ms.
Mono: successfully reloaded assembly
- Completed reload, in  1.085 seconds
Domain Reload Profiling:
	ReloadAssembly (1086ms)
		BeginReloadAssembly (119ms)
			ExecutionOrderSort (0ms)
			DisableScriptedObjects (6ms)
			BackupInstance (0ms)
			ReleaseScriptingObjects (0ms)
			CreateAndSetChildDomain (39ms)
		EndReloadAssembly (914ms)
			LoadAssemblies (80ms)
			RebuildTransferFunctionScriptingTraits (0ms)
			SetupTypeCache (307ms)
			ReleaseScriptCaches (1ms)
			RebuildScriptCaches (43ms)
			SetupLoadedEditorAssemblies (364ms)
				LogAssemblyErrors (0ms)
				InitializePlatformSupportModulesInManaged (4ms)
				SetLoadedEditorAssemblies (0ms)
				RefreshPlugins (1ms)
				BeforeProcessingInitializeOnLoad (56ms)
				ProcessInitializeOnLoadAttributes (286ms)
				ProcessInitializeOnLoadMethodAttributes (11ms)
				AfterProcessingInitializeOnLoad (6ms)
				EditorAssembliesLoaded (0ms)
			ExecutionOrderSort2 (0ms)
			AwakeInstancesAfterBackupRestoration (11ms)
Platform modules already initialized, skipping
Refreshing native plugins compatible for Editor in 0.54 ms, found 3 plugins.
Preloading 0 native plugins for Editor in 0.00 ms.
Unloading 2341 Unused Serialized files (Serialized files now loaded: 0)
System memory in use before: 102.8 MB.
System memory in use after: 103.0 MB.

Unloading 17 unused Assets to reduce memory usage. Loaded Objects now: 2801.
Total: 3.684000 ms (FindLiveObjects: 0.173700 ms CreateObjectMapping: 0.062200 ms MarkObjects: 3.428500 ms  DeleteObjects: 0.018600 ms)

AssetImportParameters requested are different than current active one (requested -> active):
  custom:framework-win-MediaFoundation: 216162199b28c13a410421893ffa2e32 -> 
  custom:video-decoder-ogg-theora: a1e56fd34408186e4bbccfd4996cb3dc -> 
  custom:container-muxer-webm: aa71ff27fc2769a1b78a27578f13a17b -> 
  custom:container-demuxer-webm: 4f35f7cbe854078d1ac9338744f61a02 -> 
  custom:container-demuxer-ogg: 62fdf1f143b41e24485cea50d1cbac27 -> 
  custom:video-encoder-webm-vp8: eb34c28f22e8b96e1ab97ce403110664 -> 
  custom:video-decoder-webm-vp8: 9c59270c3fd7afecdb556c50c9e8de78 -> 
  custom:audio-decoder-ogg-vorbis: bf7c407c2cedff20999df2af8eb42d56 -> 
  custom:audio-encoder-webm-vorbis: bf7c407c2cedff20999df2af8eb42d56 -> 
========================================================================
Received Import Request.
  Time since last request: 18.928823 seconds.
  path: Assets/Prefabs/Hero.prefab
  artifactKey: Guid(4f9a3cc85421f334aa5c5d358d4fed94) Importer(815301076,1909f56bfc062723c751e8b465ee728b)
Start importing Assets/Prefabs/Hero.prefab using Guid(4f9a3cc85421f334aa5c5d358d4fed94) Importer(815301076,1909f56bfc062723c751e8b465ee728b)  -> (artifact id: '15c6364691e8dba82b7bc8218cb0c494') in 0.066531 seconds 
  Import took 0.071767 seconds .

========================================================================
Received Import Request.
  Time since last request: 102.651761 seconds.
  path: Assets/Prefabs/Hero.prefab
  artifactKey: Guid(4f9a3cc85421f334aa5c5d358d4fed94) Importer(815301076,1909f56bfc062723c751e8b465ee728b)
Start importing Assets/Prefabs/Hero.prefab using Guid(4f9a3cc85421f334aa5c5d358d4fed94) Importer(815301076,1909f56bfc062723c751e8b465ee728b)  -> (artifact id: '22ba19f469c39849c7f4a9e1fe102394') in 0.012242 seconds 
  Import took 0.017850 seconds .

========================================================================
Received Import Request.
  Time since last request: 0.000473 seconds.
  path: Assets/Plugins/UniRx/Examples/Sample13_ToDoItem.prefab
  artifactKey: Guid(173222196f3e1f0448b383f260df7d44) Importer(815301076,1909f56bfc062723c751e8b465ee728b)
Start importing Assets/Plugins/UniRx/Examples/Sample13_ToDoItem.prefab using Guid(173222196f3e1f0448b383f260df7d44) Importer(815301076,1909f56bfc062723c751e8b465ee728b)  -> (artifact id: '820f1aff69b97cce368b8f010aa5281f') in 0.025100 seconds 
  Import took 0.029097 seconds .

========================================================================
Received Import Request.
  Time since last request: 24.061148 seconds.
  path: Assets/Prefabs/Hero.prefab
  artifactKey: Guid(4f9a3cc85421f334aa5c5d358d4fed94) Importer(815301076,1909f56bfc062723c751e8b465ee728b)
Start importing Assets/Prefabs/Hero.prefab using Guid(4f9a3cc85421f334aa5c5d358d4fed94) Importer(815301076,1909f56bfc062723c751e8b465ee728b)  -> (artifact id: '0da0a4bbf7e1260a3f79883718aa5487') in 0.015867 seconds 
  Import took 0.024835 seconds .

========================================================================
Received Import Request.
  Time since last request: 30.515479 seconds.
  path: Assets/Prefabs/Hero.prefab
  artifactKey: Guid(4f9a3cc85421f334aa5c5d358d4fed94) Importer(815301076,1909f56bfc062723c751e8b465ee728b)
Start importing Assets/Prefabs/Hero.prefab using Guid(4f9a3cc85421f334aa5c5d358d4fed94) Importer(815301076,1909f56bfc062723c751e8b465ee728b)  -> (artifact id: '7618bfdebb46f8ad865c4a08b831c2a6') in 0.013452 seconds 
  Import took 0.018249 seconds .

========================================================================
Received Import Request.
  Time since last request: 26.618259 seconds.
  path: Assets/Prefabs/Hero.prefab
  artifactKey: Guid(4f9a3cc85421f334aa5c5d358d4fed94) Importer(815301076,1909f56bfc062723c751e8b465ee728b)
Start importing Assets/Prefabs/Hero.prefab using Guid(4f9a3cc85421f334aa5c5d358d4fed94) Importer(815301076,1909f56bfc062723c751e8b465ee728b)  -> (artifact id: '12f670234b24970c82951c71e43161d1') in 0.019567 seconds 
  Import took 0.025267 seconds .

========================================================================
Received Import Request.
  Time since last request: 18.434158 seconds.
  path: Assets/Prefabs/Hero.prefab
  artifactKey: Guid(4f9a3cc85421f334aa5c5d358d4fed94) Importer(815301076,1909f56bfc062723c751e8b465ee728b)
Start importing Assets/Prefabs/Hero.prefab using Guid(4f9a3cc85421f334aa5c5d358d4fed94) Importer(815301076,1909f56bfc062723c751e8b465ee728b)  -> (artifact id: '1027d1435b4baa4f65711d1a4ec57d95') in 0.010988 seconds 
  Import took 0.016582 seconds .

========================================================================
Received Import Request.
  Time since last request: 9.681267 seconds.
  path: Assets/Prefabs/Hero.prefab
  artifactKey: Guid(4f9a3cc85421f334aa5c5d358d4fed94) Importer(815301076,1909f56bfc062723c751e8b465ee728b)
Start importing Assets/Prefabs/Hero.prefab using Guid(4f9a3cc85421f334aa5c5d358d4fed94) Importer(815301076,1909f56bfc062723c751e8b465ee728b)  -> (artifact id: '9e295e2482542b7c569850c2eeb2774d') in 0.014889 seconds 
  Import took 0.021049 seconds .

========================================================================
Received Import Request.
  Time since last request: 11.760112 seconds.
  path: Assets/Prefabs/Hero.prefab
  artifactKey: Guid(4f9a3cc85421f334aa5c5d358d4fed94) Importer(815301076,1909f56bfc062723c751e8b465ee728b)
Start importing Assets/Prefabs/Hero.prefab using Guid(4f9a3cc85421f334aa5c5d358d4fed94) Importer(815301076,1909f56bfc062723c751e8b465ee728b)  -> (artifact id: 'f6432c696db54c6afb2c261a7b8fb13b') in 0.020573 seconds 
  Import took 0.025813 seconds .

========================================================================
Received Import Request.
  Time since last request: 7.005928 seconds.
  path: Assets/Prefabs/Hero.prefab
  artifactKey: Guid(4f9a3cc85421f334aa5c5d358d4fed94) Importer(815301076,1909f56bfc062723c751e8b465ee728b)
Start importing Assets/Prefabs/Hero.prefab using Guid(4f9a3cc85421f334aa5c5d358d4fed94) Importer(815301076,1909f56bfc062723c751e8b465ee728b)  -> (artifact id: '56b0db2ebd76d44c77dcf3b93e4ba787') in 0.013040 seconds 
  Import took 0.019547 seconds .

========================================================================
Received Import Request.
  Time since last request: 1.682352 seconds.
  path: Assets/Prefabs/Hero.prefab
  artifactKey: Guid(4f9a3cc85421f334aa5c5d358d4fed94) Importer(815301076,1909f56bfc062723c751e8b465ee728b)
Start importing Assets/Prefabs/Hero.prefab using Guid(4f9a3cc85421f334aa5c5d358d4fed94) Importer(815301076,1909f56bfc062723c751e8b465ee728b)  -> (artifact id: 'ebfc8542f3fe0962e7c33bbce6874cba') in 0.011059 seconds 
  Import took 0.017916 seconds .

========================================================================
Received Import Request.
  Time since last request: 4.211914 seconds.
  path: Assets/Prefabs/Hero.prefab
  artifactKey: Guid(4f9a3cc85421f334aa5c5d358d4fed94) Importer(815301076,1909f56bfc062723c751e8b465ee728b)
Start importing Assets/Prefabs/Hero.prefab using Guid(4f9a3cc85421f334aa5c5d358d4fed94) Importer(815301076,1909f56bfc062723c751e8b465ee728b)  -> (artifact id: 'e004d0b0769a779a2de028441a9fd407') in 0.012597 seconds 
  Import took 0.019488 seconds .

========================================================================
Received Import Request.
  Time since last request: 2.374235 seconds.
  path: Assets/Prefabs/Hero.prefab
  artifactKey: Guid(4f9a3cc85421f334aa5c5d358d4fed94) Importer(815301076,1909f56bfc062723c751e8b465ee728b)
Start importing Assets/Prefabs/Hero.prefab using Guid(4f9a3cc85421f334aa5c5d358d4fed94) Importer(815301076,1909f56bfc062723c751e8b465ee728b)  -> (artifact id: 'cd998cb186f0896dd6cc33d27b9a65cb') in 0.012186 seconds 
  Import took 0.018582 seconds .

========================================================================
Received Import Request.
  Time since last request: 2.115762 seconds.
  path: Assets/Prefabs/Hero.prefab
  artifactKey: Guid(4f9a3cc85421f334aa5c5d358d4fed94) Importer(815301076,1909f56bfc062723c751e8b465ee728b)
Start importing Assets/Prefabs/Hero.prefab using Guid(4f9a3cc85421f334aa5c5d358d4fed94) Importer(815301076,1909f56bfc062723c751e8b465ee728b)  -> (artifact id: '94bfd265e91dc174734032ede12b27ca') in 0.015311 seconds 
  Import took 0.021847 seconds .

========================================================================
Received Import Request.
  Time since last request: 7.099327 seconds.
  path: Assets/Prefabs/Hero.prefab
  artifactKey: Guid(4f9a3cc85421f334aa5c5d358d4fed94) Importer(815301076,1909f56bfc062723c751e8b465ee728b)
Start importing Assets/Prefabs/Hero.prefab using Guid(4f9a3cc85421f334aa5c5d358d4fed94) Importer(815301076,1909f56bfc062723c751e8b465ee728b)  -> (artifact id: '18fa692735296c36bb409640bfe57065') in 0.011712 seconds 
  Import took 0.018982 seconds .

========================================================================
Received Import Request.
  Time since last request: 1.772438 seconds.
  path: Assets/Prefabs/Hero.prefab
  artifactKey: Guid(4f9a3cc85421f334aa5c5d358d4fed94) Importer(815301076,1909f56bfc062723c751e8b465ee728b)
Start importing Assets/Prefabs/Hero.prefab using Guid(4f9a3cc85421f334aa5c5d358d4fed94) Importer(815301076,1909f56bfc062723c751e8b465ee728b)  -> (artifact id: '58ce9caede07419d6dd815896bb768eb') in 0.015268 seconds 
  Import took 0.020913 seconds .

========================================================================
Received Import Request.
  Time since last request: 1.685162 seconds.
  path: Assets/Prefabs/Hero.prefab
  artifactKey: Guid(4f9a3cc85421f334aa5c5d358d4fed94) Importer(815301076,1909f56bfc062723c751e8b465ee728b)
Start importing Assets/Prefabs/Hero.prefab using Guid(4f9a3cc85421f334aa5c5d358d4fed94) Importer(815301076,1909f56bfc062723c751e8b465ee728b)  -> (artifact id: 'e94bccde7960d75e09b37a55ab069cde') in 0.013991 seconds 
  Import took 0.020390 seconds .

========================================================================
Received Import Request.
  Time since last request: 1.089776 seconds.
  path: Assets/Prefabs/Hero.prefab
  artifactKey: Guid(4f9a3cc85421f334aa5c5d358d4fed94) Importer(815301076,1909f56bfc062723c751e8b465ee728b)
Start importing Assets/Prefabs/Hero.prefab using Guid(4f9a3cc85421f334aa5c5d358d4fed94) Importer(815301076,1909f56bfc062723c751e8b465ee728b)  -> (artifact id: '71a5907cefb3f1b78d56e216d0c8f9be') in 0.014089 seconds 
  Import took 0.018772 seconds .

========================================================================
Received Import Request.
  Time since last request: 4.707515 seconds.
  path: Assets/Prefabs/Hero.prefab
  artifactKey: Guid(4f9a3cc85421f334aa5c5d358d4fed94) Importer(815301076,1909f56bfc062723c751e8b465ee728b)
Start importing Assets/Prefabs/Hero.prefab using Guid(4f9a3cc85421f334aa5c5d358d4fed94) Importer(815301076,1909f56bfc062723c751e8b465ee728b)  -> (artifact id: '0a8244814bc4a2c2ec35d229fcf05519') in 0.011236 seconds 
  Import took 0.016919 seconds .

========================================================================
Received Import Request.
  Time since last request: 13.413845 seconds.
  path: Assets/Prefabs/Hero.prefab
  artifactKey: Guid(4f9a3cc85421f334aa5c5d358d4fed94) Importer(815301076,1909f56bfc062723c751e8b465ee728b)
Start importing Assets/Prefabs/Hero.prefab using Guid(4f9a3cc85421f334aa5c5d358d4fed94) Importer(815301076,1909f56bfc062723c751e8b465ee728b)  -> (artifact id: 'd36acfd4a0c75902fe2c913f64421803') in 0.016167 seconds 
  Import took 0.021240 seconds .

========================================================================
Received Import Request.
  Time since last request: 13.892350 seconds.
  path: Assets/Prefabs/Hero.prefab
  artifactKey: Guid(4f9a3cc85421f334aa5c5d358d4fed94) Importer(815301076,1909f56bfc062723c751e8b465ee728b)
Start importing Assets/Prefabs/Hero.prefab using Guid(4f9a3cc85421f334aa5c5d358d4fed94) Importer(815301076,1909f56bfc062723c751e8b465ee728b)  -> (artifact id: 'efe5ce7c025000df3bf0d2bd1281dff6') in 0.018378 seconds 
  Import took 0.025352 seconds .

========================================================================
Received Prepare
Registering precompiled user dll's ...
Registered in 0.003761 seconds.
Begin MonoManager ReloadAssembly
Native extension for WindowsStandalone target not found
Refreshing native plugins compatible for Editor in 0.79 ms, found 3 plugins.
Preloading 0 native plugins for Editor in 0.00 ms.
Mono: successfully reloaded assembly
- Completed reload, in  1.033 seconds
Domain Reload Profiling:
	ReloadAssembly (1033ms)
		BeginReloadAssembly (115ms)
			ExecutionOrderSort (0ms)
			DisableScriptedObjects (8ms)
			BackupInstance (0ms)
			ReleaseScriptingObjects (0ms)
			CreateAndSetChildDomain (34ms)
		EndReloadAssembly (861ms)
			LoadAssemblies (95ms)
			RebuildTransferFunctionScriptingTraits (0ms)
			SetupTypeCache (271ms)
			ReleaseScriptCaches (1ms)
			RebuildScriptCaches (38ms)
			SetupLoadedEditorAssemblies (324ms)
				LogAssemblyErrors (0ms)
				InitializePlatformSupportModulesInManaged (4ms)
				SetLoadedEditorAssemblies (1ms)
				RefreshPlugins (1ms)
				BeforeProcessingInitializeOnLoad (68ms)
				ProcessInitializeOnLoadAttributes (242ms)
				ProcessInitializeOnLoadMethodAttributes (5ms)
				AfterProcessingInitializeOnLoad (4ms)
				EditorAssembliesLoaded (0ms)
			ExecutionOrderSort2 (0ms)
			AwakeInstancesAfterBackupRestoration (8ms)
Platform modules already initialized, skipping
Refreshing native plugins compatible for Editor in 0.52 ms, found 3 plugins.
Preloading 0 native plugins for Editor in 0.00 ms.
Unloading 2341 Unused Serialized files (Serialized files now loaded: 0)
System memory in use before: 102.9 MB.
System memory in use after: 103.2 MB.

Unloading 18 unused Assets to reduce memory usage. Loaded Objects now: 2807.
Total: 3.824700 ms (FindLiveObjects: 0.208700 ms CreateObjectMapping: 0.054200 ms MarkObjects: 3.472400 ms  DeleteObjects: 0.088300 ms)

AssetImportParameters requested are different than current active one (requested -> active):
  custom:framework-win-MediaFoundation: 216162199b28c13a410421893ffa2e32 -> 
  custom:video-decoder-ogg-theora: a1e56fd34408186e4bbccfd4996cb3dc -> 
  custom:container-muxer-webm: aa71ff27fc2769a1b78a27578f13a17b -> 
  custom:container-demuxer-webm: 4f35f7cbe854078d1ac9338744f61a02 -> 
  custom:container-demuxer-ogg: 62fdf1f143b41e24485cea50d1cbac27 -> 
  custom:video-encoder-webm-vp8: eb34c28f22e8b96e1ab97ce403110664 -> 
  custom:video-decoder-webm-vp8: 9c59270c3fd7afecdb556c50c9e8de78 -> 
  custom:audio-decoder-ogg-vorbis: bf7c407c2cedff20999df2af8eb42d56 -> 
  custom:audio-encoder-webm-vorbis: bf7c407c2cedff20999df2af8eb42d56 -> 
========================================================================
Received Prepare
Registering precompiled user dll's ...
Registered in 0.003808 seconds.
Begin MonoManager ReloadAssembly
Native extension for WindowsStandalone target not found
Refreshing native plugins compatible for Editor in 0.46 ms, found 3 plugins.
Preloading 0 native plugins for Editor in 0.00 ms.
Mono: successfully reloaded assembly
- Completed reload, in  1.002 seconds
Domain Reload Profiling:
	ReloadAssembly (1003ms)
		BeginReloadAssembly (100ms)
			ExecutionOrderSort (0ms)
			DisableScriptedObjects (6ms)
			BackupInstance (0ms)
			ReleaseScriptingObjects (0ms)
			CreateAndSetChildDomain (33ms)
		EndReloadAssembly (848ms)
			LoadAssemblies (72ms)
			RebuildTransferFunctionScriptingTraits (0ms)
			SetupTypeCache (269ms)
			ReleaseScriptCaches (1ms)
			RebuildScriptCaches (43ms)
			SetupLoadedEditorAssemblies (363ms)
				LogAssemblyErrors (0ms)
				InitializePlatformSupportModulesInManaged (3ms)
				SetLoadedEditorAssemblies (0ms)
				RefreshPlugins (1ms)
				BeforeProcessingInitializeOnLoad (62ms)
				ProcessInitializeOnLoadAttributes (289ms)
				ProcessInitializeOnLoadMethodAttributes (4ms)
				AfterProcessingInitializeOnLoad (4ms)
				EditorAssembliesLoaded (0ms)
			ExecutionOrderSort2 (0ms)
			AwakeInstancesAfterBackupRestoration (12ms)
Platform modules already initialized, skipping
Refreshing native plugins compatible for Editor in 0.64 ms, found 3 plugins.
Preloading 0 native plugins for Editor in 0.00 ms.
Unloading 2341 Unused Serialized files (Serialized files now loaded: 0)
System memory in use before: 103.0 MB.
System memory in use after: 103.2 MB.

Unloading 16 unused Assets to reduce memory usage. Loaded Objects now: 2810.
Total: 5.418800 ms (FindLiveObjects: 1.008300 ms CreateObjectMapping: 0.103700 ms MarkObjects: 4.283700 ms  DeleteObjects: 0.021900 ms)

AssetImportParameters requested are different than current active one (requested -> active):
  custom:framework-win-MediaFoundation: 216162199b28c13a410421893ffa2e32 -> 
  custom:video-decoder-ogg-theora: a1e56fd34408186e4bbccfd4996cb3dc -> 
  custom:container-muxer-webm: aa71ff27fc2769a1b78a27578f13a17b -> 
  custom:container-demuxer-webm: 4f35f7cbe854078d1ac9338744f61a02 -> 
  custom:container-demuxer-ogg: 62fdf1f143b41e24485cea50d1cbac27 -> 
  custom:video-encoder-webm-vp8: eb34c28f22e8b96e1ab97ce403110664 -> 
  custom:video-decoder-webm-vp8: 9c59270c3fd7afecdb556c50c9e8de78 -> 
  custom:audio-decoder-ogg-vorbis: bf7c407c2cedff20999df2af8eb42d56 -> 
  custom:audio-encoder-webm-vorbis: bf7c407c2cedff20999df2af8eb42d56 -> 
AssetImportWorkerClient::OnTransportError - code=2 error=End of file
